[Mon, 16 Aug 2021 10:44:43 +0700] [haiaustore.io] [::1] [Warning(2): Cannot modify header information - headers already sent by (output started at /Users/datdevsx/Sites/haiaustore.io/vendor/vinades/nukeviet/Core/Optimizer.php:293)] [FILE: /includes/footer.php] [LINE: 97] [TRACE:]
#1  LINE: 358   FILE: /index.php
#2  LINE: 175   FILE: /modules/page/funcs/main.php
#3  LINE: 97    FILE: /includes/footer.php

[Mon, 16 Aug 2021 10:56:00 +0700] [haiaustore.io] [::1] [Warning(2): preg_match() expects parameter 2 to be string, array given] [FILE: /vendor/vinades/nukeviet/Core/Optimizer.php] [LINE: 282] [TRACE:]
#1  LINE: 358   FILE: /index.php
#2  LINE: 175   FILE: /modules/page/funcs/main.php
#3  LINE: 27    FILE: /includes/footer.php
#4  LINE: 282   FILE: /vendor/vinades/nukeviet/Core/Optimizer.php

[Mon, 16 Aug 2021 11:52:08 +0700] [haiaustore.io] [::1] [Warning(2): preg_match() expects parameter 2 to be string, array given] [FILE: /vendor/vinades/nukeviet/Core/Optimizer.php] [LINE: 380] [TRACE:]
#1  LINE: 358   FILE: /index.php
#2  LINE: 175   FILE: /modules/page/funcs/main.php
#3  LINE: 27    FILE: /includes/footer.php
#4  LINE: 279   FILE: /vendor/vinades/nukeviet/Core/Optimizer.php
#5  LINE:       FILE: 
#6  LINE: 380   FILE: /vendor/vinades/nukeviet/Core/Optimizer.php

[Mon, 16 Aug 2021 11:52:08 +0700] [haiaustore.io] [::1] [Notice(8): Array to string conversion] [FILE: /vendor/vinades/nukeviet/Core/Optimizer.php] [LINE: 279] [TRACE:]
#1  LINE: 358   FILE: /index.php
#2  LINE: 175   FILE: /modules/page/funcs/main.php
#3  LINE: 27    FILE: /includes/footer.php
#4  LINE: 279   FILE: /vendor/vinades/nukeviet/Core/Optimizer.php

[Mon, 16 Aug 2021 11:55:28 +0700] [haiaustore.io] [::1] [Warning(2): preg_replace(): Delimiter must not be alphanumeric or backslash] [FILE: /vendor/vinades/nukeviet/Core/Optimizer.php] [LINE: 385] [TRACE:]
#1  LINE: 358   FILE: /index.php
#2  LINE: 175   FILE: /modules/page/funcs/main.php
#3  LINE: 27    FILE: /includes/footer.php
#4  LINE: 279   FILE: /vendor/vinades/nukeviet/Core/Optimizer.php
#5  LINE:       FILE: 
#6  LINE: 385   FILE: /vendor/vinades/nukeviet/Core/Optimizer.php

[Mon, 16 Aug 2021 11:57:48 +0700] [haiaustore.io] [::1] [Warning(2): preg_replace(): Delimiter must not be alphanumeric or backslash] [FILE: /vendor/vinades/nukeviet/Core/Optimizer.php] [LINE: 382] [TRACE:]
#1  LINE: 358   FILE: /index.php
#2  LINE: 175   FILE: /modules/page/funcs/main.php
#3  LINE: 27    FILE: /includes/footer.php
#4  LINE: 278   FILE: /vendor/vinades/nukeviet/Core/Optimizer.php
#5  LINE:       FILE: 
#6  LINE: 382   FILE: /vendor/vinades/nukeviet/Core/Optimizer.php

[Mon, 16 Aug 2021 11:58:44 +0700] [haiaustore.io] [::1] [Warning(2): preg_replace(): Delimiter must not be alphanumeric or backslash] [FILE: /vendor/vinades/nukeviet/Core/Optimizer.php] [LINE: 383] [TRACE:]
#1  LINE: 358   FILE: /index.php
#2  LINE: 175   FILE: /modules/page/funcs/main.php
#3  LINE: 27    FILE: /includes/footer.php
#4  LINE: 278   FILE: /vendor/vinades/nukeviet/Core/Optimizer.php
#5  LINE:       FILE: 
#6  LINE: 383   FILE: /vendor/vinades/nukeviet/Core/Optimizer.php

